#-----------------------------------------------------------
# PlanAhead v14.5 (64-bit)
# Build 247527 by xbuild on Mon Mar 25 17:13:07 MDT 2013
# Start of session at: Tue Dec 03 23:35:11 2019
# Process ID: 1040
# Log file: C:/Users/Jia Ming/Desktop/RS232 Coursework/RS232/RS232/planAhead_run_3/planAhead.log
# Journal file: C:/Users/Jia Ming/Desktop/RS232 Coursework/RS232/RS232/planAhead_run_3/planAhead.jou
#-----------------------------------------------------------
INFO: [Common 17-78] Attempting to get a license: PlanAhead
INFO: [Common 17-290] Got license for PlanAhead
INFO: [Device 21-36] Loading parts and site information from E:/Xilinx/14.5/ISE_DS/PlanAhead/data/parts/arch.xml
Parsing RTL primitives file [E:/Xilinx/14.5/ISE_DS/PlanAhead/data/parts/xilinx/rtl/prims/rtl_prims.xml]
Finished parsing RTL primitives file [E:/Xilinx/14.5/ISE_DS/PlanAhead/data/parts/xilinx/rtl/prims/rtl_prims.xml]
start_gui
source {C:/Users/Jia Ming/Desktop/RS232 Coursework/RS232/RS232/pa.fromNetlist.tcl}
# create_project -name RS232 -dir "C:/Users/Jia Ming/Desktop/RS232 Coursework/RS232/RS232/planAhead_run_3" -part xc3s500efg320-5
# set_property design_mode GateLvl [get_property srcset [current_run -impl]]
# set_property edif_top_file "C:/Users/Jia Ming/Desktop/RS232 Coursework/RS232/RS232/TopLevel.ngc" [ get_property srcset [ current_run ] ]
# add_files -norecurse { {C:/Users/Jia Ming/Desktop/RS232 Coursework/RS232/RS232} }
# set_param project.pinAheadLayout  yes
# set_property target_constrs_file "TopLevel.ucf" [current_fileset -constrset]
Adding file 'C:/Users/Jia Ming/Desktop/RS232 Coursework/RS232/RS232/TopLevel.ucf' to fileset 'constrs_1'
# add_files [list {TopLevel.ucf}] -fileset [get_property constrset [current_run]]
# link_design
Design is defaulting to srcset: sources_1
Design is defaulting to constrset: constrs_1
Design is defaulting to project part: xc3s500efg320-5
Release 14.5 - ngc2edif P.58f (nt64)
Copyright (c) 1995-2012 Xilinx, Inc.  All rights reserved.
Reading design TopLevel.ngc ...
WARNING:NetListWriters:298 - No output is written to TopLevel.xncf, ignored.
Processing design ...
   Preping design's networks ...
   Preping design's macros ...
  finished :Prep
Writing EDIF netlist file TopLevel.edif ...
ngc2edif: Total memory usage is 4317540 kilobytes

Parsing EDIF File [./planAhead_run_3/RS232.data/cache/TopLevel_ngc_zx.edif]
Finished Parsing EDIF File [./planAhead_run_3/RS232.data/cache/TopLevel_ngc_zx.edif]
INFO: [Designutils 20-910] Reading macro library E:/Xilinx/14.5/ISE_DS/PlanAhead/data\./parts/xilinx/spartan3e/spartan3e/hd_int_macros.edn
Parsing EDIF File [E:/Xilinx/14.5/ISE_DS/PlanAhead/data\./parts/xilinx/spartan3e/spartan3e/hd_int_macros.edn]
Finished Parsing EDIF File [E:/Xilinx/14.5/ISE_DS/PlanAhead/data\./parts/xilinx/spartan3e/spartan3e/hd_int_macros.edn]
Loading clock regions from E:/Xilinx/14.5/ISE_DS/PlanAhead/data\parts/xilinx/spartan3e/spartan3e/xc3s500e/ClockRegion.xml
Loading clock buffers from E:/Xilinx/14.5/ISE_DS/PlanAhead/data\parts/xilinx/spartan3e/spartan3e/xc3s500e/ClockBuffers.xml
Loading package from E:/Xilinx/14.5/ISE_DS/PlanAhead/data\parts/xilinx/spartan3e/spartan3e/xc3s500e/fg320/Package.xml
Loading io standards from E:/Xilinx/14.5/ISE_DS/PlanAhead/data\./parts/xilinx/spartan3e/IOStandards.xml
INFO: [Device 21-19] Loading pkg sso from E:/Xilinx/14.5/ISE_DS/PlanAhead/data\parts/xilinx/spartan3e/spartan3e/xc3s500e/fg320/SSORules.xml
Loading list of drcs for the architecture : E:/Xilinx/14.5/ISE_DS/PlanAhead/data\./parts/xilinx/spartan3e/spartan3e/drc.xml
INFO: [Timing 38-77] Reading timing library E:/Xilinx/14.5/ISE_DS/PlanAhead/data\parts/xilinx/spartan3e/spartan3e/spartan3e-5.lib.
INFO: [Timing 38-34] Done reading timing library E:/Xilinx/14.5/ISE_DS/PlanAhead/data\parts/xilinx/spartan3e/spartan3e/spartan3e-5.lib.
Parsing UCF File [C:/Users/Jia Ming/Desktop/RS232 Coursework/RS232/RS232/TopLevel.ucf]
Finished Parsing UCF File [C:/Users/Jia Ming/Desktop/RS232 Coursework/RS232/RS232/TopLevel.ucf]
INFO: [Project 1-111] Unisim Transformation Summary:
No Unisim elements were transformed.

Phase 0 | Netlist Checksum: 9240970f
link_design: Time (s): elapsed = 00:00:06 . Memory (MB): peak = 564.094 ; gain = 120.879
exit
ERROR: [PlanAhead 12-106] *** Exception: ui.h.b: Found deleted key in HTclEventBroker. Verify if the classes listed here call cleanup()
HTclEvent: SIGNAL_BUS_MODIFY   Classes: ui.views.aR 
HTclEvent: SIGNAL_MODIFY   Classes: ui.views.aR 
HTclEvent: DEBUG_PORT_CONFIG_CHANGE   Classes: ui.views.aR 
HTclEvent: DEBUG_CORE_CONFIG_CHANGE   Classes: ui.views.aR 
 (See C:/Users/Jia Ming/Desktop/RS232 Coursework/RS232/RS232\planAhead_pid1040.debug)
ERROR: [Common 17-39] 'stop_gui' failed due to earlier errors.
INFO: [Common 17-206] Exiting PlanAhead at Tue Dec 03 23:39:05 2019...
INFO: [Common 17-83] Releasing license: PlanAhead
