#-----------------------------------------------------------
# PlanAhead v14.5 (64-bit)
# Build 247527 by xbuild on Mon Mar 25 17:13:07 MDT 2013
# Start of session at: Sat Oct 26 08:44:15 2019
# Process ID: 1832
# Log file: C:/Users/Jia Ming/Desktop/RS232/RS232/planAhead_run_2/planAhead.log
# Journal file: C:/Users/Jia Ming/Desktop/RS232/RS232/planAhead_run_2/planAhead.jou
#-----------------------------------------------------------
INFO: [Common 17-78] Attempting to get a license: PlanAhead
INFO: [Common 17-290] Got license for PlanAhead
INFO: [Device 21-36] Loading parts and site information from E:/Xilinx/14.5/ISE_DS/PlanAhead/data/parts/arch.xml
Parsing RTL primitives file [E:/Xilinx/14.5/ISE_DS/PlanAhead/data/parts/xilinx/rtl/prims/rtl_prims.xml]
Finished parsing RTL primitives file [E:/Xilinx/14.5/ISE_DS/PlanAhead/data/parts/xilinx/rtl/prims/rtl_prims.xml]
start_gui
source {C:/Users/Jia Ming/Desktop/RS232/RS232/pa.fromNetlist.tcl}
# create_project -name RS232 -dir "C:/Users/Jia Ming/Desktop/RS232/RS232/planAhead_run_2" -part xc3s500efg320-5
ERROR: [Common 17-53] User Exception: Project already exists on disk, please use '-force' option to overwrite: 
     C:/Users/Jia Ming/Desktop/RS232/RS232/planAhead_run_2/RS232.ppr
     C:/Users/Jia Ming/Desktop/RS232/RS232/planAhead_run_2/RS232.data

    while executing
"create_project -name RS232 -dir "C:/Users/Jia Ming/Desktop/RS232/RS232/planAhead_run_2" -part xc3s500efg320-5"
    (file "C:/Users/Jia Ming/Desktop/RS232/RS232/pa.fromNetlist.tcl" line 4)
exit
INFO: [Common 17-206] Exiting PlanAhead at Sat Oct 26 08:45:08 2019...
INFO: [Common 17-83] Releasing license: PlanAhead
