Release 14.5 - ngc2edif P.58f (nt64)
Copyright (c) 1995-2012 Xilinx, Inc.  All rights reserved.
Reading design Top_Level_RS232.ngc ...
WARNING:NetListWriters:298 - No output is written to Top_Level_RS232.xncf,
   ignored.
Processing design ...
   Preping design's networks ...
   Preping design's macros ...
  finished :Prep
Writing EDIF netlist file Top_Level_RS232.edif ...
ngc2edif: Total memory usage is 4317732 kilobytes

Release 14.5 - ngc2edif P.58f (nt64)
Copyright (c) 1995-2012 Xilinx, Inc.  All rights reserved.
Reading design Top_Level_RS232.ngc ...
WARNING:NetListWriters:298 - No output is written to Top_Level_RS232.xncf,
   ignored.
Processing design ...
   Preping design's networks ...
   Preping design's macros ...
  finished :Prep
Writing EDIF netlist file Top_Level_RS232.edif ...
ngc2edif: Total memory usage is 4317540 kilobytes

Release 14.5 - ngc2edif P.58f (nt64)
Copyright (c) 1995-2012 Xilinx, Inc.  All rights reserved.
Reading design Top_Level_RS232.ngc ...
WARNING:NetListWriters:298 - No output is written to Top_Level_RS232.xncf,
   ignored.
Processing design ...
   Preping design's networks ...
   Preping design's macros ...
  finished :Prep
Writing EDIF netlist file Top_Level_RS232.edif ...
ngc2edif: Total memory usage is 4317540 kilobytes

Release 14.5 - ngc2edif P.58f (nt64)
Copyright (c) 1995-2012 Xilinx, Inc.  All rights reserved.
Reading design Top_Level_RS232.ngc ...
WARNING:NetListWriters:298 - No output is written to Top_Level_RS232.xncf,
   ignored.
Processing design ...
   Preping design's networks ...
   Preping design's macros ...
  finished :Prep
Writing EDIF netlist file Top_Level_RS232.edif ...
ngc2edif: Total memory usage is 4317540 kilobytes

Release 14.5 - ngc2edif P.58f (nt64)
Copyright (c) 1995-2012 Xilinx, Inc.  All rights reserved.
Reading design Top_Level_RS232.ngc ...
WARNING:NetListWriters:298 - No output is written to Top_Level_RS232.xncf,
   ignored.
Processing design ...
   Preping design's networks ...
   Preping design's macros ...
  finished :Prep
Writing EDIF netlist file Top_Level_RS232.edif ...
ngc2edif: Total memory usage is 4317860 kilobytes

Release 14.5 - ngc2edif P.58f (nt64)
Copyright (c) 1995-2012 Xilinx, Inc.  All rights reserved.
Reading design TopLevel.ngc ...
WARNING:NetListWriters:298 - No output is written to TopLevel.xncf, ignored.
Processing design ...
   Preping design's networks ...
   Preping design's macros ...
  finished :Prep
Writing EDIF netlist file TopLevel.edif ...
ngc2edif: Total memory usage is 4317540 kilobytes

Release 14.5 - ngc2edif P.58f (nt64)
Copyright (c) 1995-2012 Xilinx, Inc.  All rights reserved.
Reading design TopLevel.ngc ...
WARNING:NetListWriters:298 - No output is written to TopLevel.xncf, ignored.
Processing design ...
   Preping design's networks ...
   Preping design's macros ...
  finished :Prep
Writing EDIF netlist file TopLevel.edif ...
ngc2edif: Total memory usage is 4317668 kilobytes

Release 14.5 - ngc2edif P.58f (nt64)
Copyright (c) 1995-2012 Xilinx, Inc.  All rights reserved.
Reading design TopLevel.ngc ...
WARNING:NetListWriters:298 - No output is written to TopLevel.xncf, ignored.
Processing design ...
   Preping design's networks ...
   Preping design's macros ...
  finished :Prep
Writing EDIF netlist file TopLevel.edif ...
ngc2edif: Total memory usage is 4317604 kilobytes

Release 14.5 - ngc2edif P.58f (nt64)
Copyright (c) 1995-2012 Xilinx, Inc.  All rights reserved.
Reading design TopLevel.ngc ...
WARNING:NetListWriters:298 - No output is written to TopLevel.xncf, ignored.
Processing design ...
   Preping design's networks ...
   Preping design's macros ...
  finished :Prep
Writing EDIF netlist file TopLevel.edif ...
ngc2edif: Total memory usage is 4317540 kilobytes

Release 14.5 - ngc2edif P.58f (nt64)
Copyright (c) 1995-2012 Xilinx, Inc.  All rights reserved.
Reading design TopLevel.ngc ...
WARNING:NetListWriters:298 - No output is written to TopLevel.xncf, ignored.
Processing design ...
   Preping design's networks ...
   Preping design's macros ...
  finished :Prep
Writing EDIF netlist file TopLevel.edif ...
ngc2edif: Total memory usage is 4317540 kilobytes

Release 14.5 - ngc2edif P.58f (nt64)
Copyright (c) 1995-2012 Xilinx, Inc.  All rights reserved.
Reading design TopLevel.ngc ...
WARNING:NetListWriters:298 - No output is written to TopLevel.xncf, ignored.
Processing design ...
   Preping design's networks ...
   Preping design's macros ...
  finished :Prep
Writing EDIF netlist file TopLevel.edif ...
ngc2edif: Total memory usage is 4317540 kilobytes

Release 14.5 - ngc2edif P.58f (nt64)
Copyright (c) 1995-2012 Xilinx, Inc.  All rights reserved.
Reading design TopLevel.ngc ...
WARNING:NetListWriters:298 - No output is written to TopLevel.xncf, ignored.
Processing design ...
   Preping design's networks ...
   Preping design's macros ...
  finished :Prep
Writing EDIF netlist file TopLevel.edif ...
ngc2edif: Total memory usage is 4317924 kilobytes

Release 14.5 - ngc2edif P.58f (nt64)
Copyright (c) 1995-2012 Xilinx, Inc.  All rights reserved.
Reading design TopLevel.ngc ...
WARNING:NetListWriters:298 - No output is written to TopLevel.xncf, ignored.
Processing design ...
   Preping design's networks ...
   Preping design's macros ...
  finished :Prep
Writing EDIF netlist file TopLevel.edif ...
ngc2edif: Total memory usage is 4317540 kilobytes

Release 14.5 - ngc2edif P.58f (nt64)
Copyright (c) 1995-2012 Xilinx, Inc.  All rights reserved.
Reading design TopLevel.ngc ...
WARNING:NetListWriters:298 - No output is written to TopLevel.xncf, ignored.
Processing design ...
   Preping design's networks ...
   Preping design's macros ...
  finished :Prep
Writing EDIF netlist file TopLevel.edif ...
ngc2edif: Total memory usage is 4317540 kilobytes

Release 14.5 - ngc2edif P.58f (nt64)
Copyright (c) 1995-2012 Xilinx, Inc.  All rights reserved.
Reading design TopLevel.ngc ...
WARNING:NetListWriters:298 - No output is written to TopLevel.xncf, ignored.
Processing design ...
   Preping design's networks ...
   Preping design's macros ...
  finished :Prep
Writing EDIF netlist file TopLevel.edif ...
ngc2edif: Total memory usage is 4317668 kilobytes

